{"level":"debug","message":{},"timestamp":"2019-04-07T11:27:21.689Z"}
{"level":"debug","message":{"expose":true,"statusCode":400,"status":400,"body":"------WebKitFormBoundaryjzlxCDV2pqGUSotg\r\nContent-Disposition: form-data; name=\"categoryId\"\r\n\r\n1\r\n------WebKitFormBoundaryjzlxCDV2pqGUSotg\r\nContent-Disposition: form-data; name=\"subcategoryId\"\r\n\r\n12\r\n------WebKitFormBoundaryjzlxCDV2pqGUSotg\r\nContent-Disposition: form-data; name=\"productId\"\r\n\r\n22\r\n------WebKitFormBoundaryjzlxCDV2pqGUSotg\r\nContent-Disposition: form-data; name=\"subproductId\"\r\n\r\n31\r\n------WebKitFormBoundaryjzlxCDV2pqGUSotg\r\nContent-Disposition: form-data; name=\"index\"\r\n\r\n4\r\n------WebKitFormBoundaryjzlxCDV2pqGUSotg--\r\n","type":"entity.parse.failed"},"timestamp":"2019-04-08T10:43:58.232Z"}
{"level":"debug","message":{"expose":true,"statusCode":400,"status":400,"body":"------WebKitFormBoundaryTFHI912sprDCeGYA\r\nContent-Disposition: form-data; name=\"categoryId\"\r\n\r\n1\r\n------WebKitFormBoundaryTFHI912sprDCeGYA\r\nContent-Disposition: form-data; name=\"subcategoryId\"\r\n\r\n12\r\n------WebKitFormBoundaryTFHI912sprDCeGYA\r\nContent-Disposition: form-data; name=\"productId\"\r\n\r\n22\r\n------WebKitFormBoundaryTFHI912sprDCeGYA\r\nContent-Disposition: form-data; name=\"subproductId\"\r\n\r\n31\r\n------WebKitFormBoundaryTFHI912sprDCeGYA\r\nContent-Disposition: form-data; name=\"index\"\r\n\r\n2\r\n------WebKitFormBoundaryTFHI912sprDCeGYA--\r\n","type":"entity.parse.failed"},"timestamp":"2019-04-08T10:44:56.323Z"}
{"level":"debug","message":{"expose":true,"statusCode":400,"status":400,"body":"------WebKitFormBoundary6rJKvYzqM8pm969a\r\nContent-Disposition: form-data; name=\"categoryId\"\r\n\r\n1\r\n------WebKitFormBoundary6rJKvYzqM8pm969a\r\nContent-Disposition: form-data; name=\"subcategoryId\"\r\n\r\n12\r\n------WebKitFormBoundary6rJKvYzqM8pm969a\r\nContent-Disposition: form-data; name=\"productId\"\r\n\r\n22\r\n------WebKitFormBoundary6rJKvYzqM8pm969a\r\nContent-Disposition: form-data; name=\"subproductId\"\r\n\r\n31\r\n------WebKitFormBoundary6rJKvYzqM8pm969a\r\nContent-Disposition: form-data; name=\"index\"\r\n\r\n3\r\n------WebKitFormBoundary6rJKvYzqM8pm969a--\r\n","type":"entity.parse.failed"},"timestamp":"2019-04-08T10:45:03.682Z"}
{"level":"debug","message":{"expose":true,"statusCode":400,"status":400,"body":"------WebKitFormBoundaryDliwj22SOZLA3GHb\r\nContent-Disposition: form-data; name=\"categoryId\"\r\n\r\n1\r\n------WebKitFormBoundaryDliwj22SOZLA3GHb\r\nContent-Disposition: form-data; name=\"subcategoryId\"\r\n\r\n12\r\n------WebKitFormBoundaryDliwj22SOZLA3GHb\r\nContent-Disposition: form-data; name=\"productId\"\r\n\r\n22\r\n------WebKitFormBoundaryDliwj22SOZLA3GHb\r\nContent-Disposition: form-data; name=\"subproductId\"\r\n\r\n31\r\n------WebKitFormBoundaryDliwj22SOZLA3GHb\r\nContent-Disposition: form-data; name=\"index\"\r\n\r\n2\r\n------WebKitFormBoundaryDliwj22SOZLA3GHb--\r\n","type":"entity.parse.failed"},"timestamp":"2019-04-08T10:46:40.609Z"}
{"level":"debug","message":{"expose":true,"statusCode":400,"status":400,"body":"------WebKitFormBoundaryA6mKEfvmGDXmaWg4\r\nContent-Disposition: form-data; name=\"categoryId\"\r\n\r\n1\r\n------WebKitFormBoundaryA6mKEfvmGDXmaWg4\r\nContent-Disposition: form-data; name=\"subcategoryId\"\r\n\r\n12\r\n------WebKitFormBoundaryA6mKEfvmGDXmaWg4\r\nContent-Disposition: form-data; name=\"productId\"\r\n\r\n22\r\n------WebKitFormBoundaryA6mKEfvmGDXmaWg4\r\nContent-Disposition: form-data; name=\"subproductId\"\r\n\r\n31\r\n------WebKitFormBoundaryA6mKEfvmGDXmaWg4\r\nContent-Disposition: form-data; name=\"index\"\r\n\r\n4\r\n------WebKitFormBoundaryA6mKEfvmGDXmaWg4--\r\n","type":"entity.parse.failed"},"timestamp":"2019-04-08T10:47:43.750Z"}
{"level":"debug","message":{"expose":true,"statusCode":400,"status":400,"body":"------WebKitFormBoundaryTYV8NCK4xRBxiCYb\r\nContent-Disposition: form-data; name=\"categoryId\"\r\n\r\n1\r\n------WebKitFormBoundaryTYV8NCK4xRBxiCYb\r\nContent-Disposition: form-data; name=\"subcategoryId\"\r\n\r\n12\r\n------WebKitFormBoundaryTYV8NCK4xRBxiCYb\r\nContent-Disposition: form-data; name=\"productId\"\r\n\r\n22\r\n------WebKitFormBoundaryTYV8NCK4xRBxiCYb\r\nContent-Disposition: form-data; name=\"subproductId\"\r\n\r\n31\r\n------WebKitFormBoundaryTYV8NCK4xRBxiCYb\r\nContent-Disposition: form-data; name=\"index\"\r\n\r\n4\r\n------WebKitFormBoundaryTYV8NCK4xRBxiCYb--\r\n","type":"entity.parse.failed"},"timestamp":"2019-04-08T10:48:25.661Z"}
{"level":"debug","message":{"expose":true,"statusCode":400,"status":400,"body":"------WebKitFormBoundarySLjlhBVJGgkBhTe1\r\nContent-Disposition: form-data; name=\"categoryId\"\r\n\r\n1\r\n------WebKitFormBoundarySLjlhBVJGgkBhTe1\r\nContent-Disposition: form-data; name=\"subcategoryId\"\r\n\r\n12\r\n------WebKitFormBoundarySLjlhBVJGgkBhTe1\r\nContent-Disposition: form-data; name=\"productId\"\r\n\r\n22\r\n------WebKitFormBoundarySLjlhBVJGgkBhTe1\r\nContent-Disposition: form-data; name=\"subproductId\"\r\n\r\n31\r\n------WebKitFormBoundarySLjlhBVJGgkBhTe1\r\nContent-Disposition: form-data; name=\"index\"\r\n\r\n2\r\n------WebKitFormBoundarySLjlhBVJGgkBhTe1--\r\n","type":"entity.parse.failed"},"timestamp":"2019-04-08T10:51:26.463Z"}
{"level":"debug","message":{"expose":true,"statusCode":400,"status":400,"body":"------WebKitFormBoundaryjgy9YsOluyVYO5NK\r\nContent-Disposition: form-data; name=\"categoryId\"\r\n\r\n1\r\n------WebKitFormBoundaryjgy9YsOluyVYO5NK\r\nContent-Disposition: form-data; name=\"subcategoryId\"\r\n\r\n12\r\n------WebKitFormBoundaryjgy9YsOluyVYO5NK\r\nContent-Disposition: form-data; name=\"productId\"\r\n\r\n22\r\n------WebKitFormBoundaryjgy9YsOluyVYO5NK\r\nContent-Disposition: form-data; name=\"subproductId\"\r\n\r\n31\r\n------WebKitFormBoundaryjgy9YsOluyVYO5NK\r\nContent-Disposition: form-data; name=\"index\"\r\n\r\n2\r\n------WebKitFormBoundaryjgy9YsOluyVYO5NK--\r\n","type":"entity.parse.failed"},"timestamp":"2019-04-08T10:52:31.664Z"}
{"level":"debug","message":{"expose":true,"statusCode":400,"status":400,"body":"------WebKitFormBoundaryjt8dcH3Vgw181S62\r\nContent-Disposition: form-data; name=\"categoryId\"\r\n\r\n1\r\n------WebKitFormBoundaryjt8dcH3Vgw181S62\r\nContent-Disposition: form-data; name=\"subcategoryId\"\r\n\r\n12\r\n------WebKitFormBoundaryjt8dcH3Vgw181S62\r\nContent-Disposition: form-data; name=\"productId\"\r\n\r\n22\r\n------WebKitFormBoundaryjt8dcH3Vgw181S62\r\nContent-Disposition: form-data; name=\"subproductId\"\r\n\r\n31\r\n------WebKitFormBoundaryjt8dcH3Vgw181S62\r\nContent-Disposition: form-data; name=\"index\"\r\n\r\n4\r\n------WebKitFormBoundaryjt8dcH3Vgw181S62--\r\n","type":"entity.parse.failed"},"timestamp":"2019-04-08T10:56:59.718Z"}
{"level":"debug","message":{"expose":true,"statusCode":400,"status":400,"body":"------WebKitFormBoundaryJW4XoaX6PZIChwoC\r\nContent-Disposition: form-data; name=\"categoryId\"\r\n\r\n1\r\n------WebKitFormBoundaryJW4XoaX6PZIChwoC\r\nContent-Disposition: form-data; name=\"subcategoryId\"\r\n\r\n12\r\n------WebKitFormBoundaryJW4XoaX6PZIChwoC\r\nContent-Disposition: form-data; name=\"productId\"\r\n\r\n22\r\n------WebKitFormBoundaryJW4XoaX6PZIChwoC\r\nContent-Disposition: form-data; name=\"subproductId\"\r\n\r\n31\r\n------WebKitFormBoundaryJW4XoaX6PZIChwoC\r\nContent-Disposition: form-data; name=\"index\"\r\n\r\n2\r\n------WebKitFormBoundaryJW4XoaX6PZIChwoC--\r\n","type":"entity.parse.failed"},"timestamp":"2019-04-08T10:59:48.742Z"}
{"level":"debug","message":{"expose":true,"statusCode":400,"status":400,"body":"------WebKitFormBoundarykioZhZ0xIKZkvmVX\r\nContent-Disposition: form-data; name=\"categoryId\"\r\n\r\n1\r\n------WebKitFormBoundarykioZhZ0xIKZkvmVX\r\nContent-Disposition: form-data; name=\"subcategoryId\"\r\n\r\n12\r\n------WebKitFormBoundarykioZhZ0xIKZkvmVX\r\nContent-Disposition: form-data; name=\"productId\"\r\n\r\n22\r\n------WebKitFormBoundarykioZhZ0xIKZkvmVX\r\nContent-Disposition: form-data; name=\"subproductId\"\r\n\r\n31\r\n------WebKitFormBoundarykioZhZ0xIKZkvmVX\r\nContent-Disposition: form-data; name=\"index\"\r\n\r\n2\r\n------WebKitFormBoundarykioZhZ0xIKZkvmVX--\r\n","type":"entity.parse.failed"},"timestamp":"2019-04-08T11:01:03.841Z"}
{"level":"debug","message":{"expose":true,"statusCode":400,"status":400,"body":"------WebKitFormBoundaryNb69sNQJKjx7VXQZ\r\nContent-Disposition: form-data; name=\"categoryId\"\r\n\r\n1\r\n------WebKitFormBoundaryNb69sNQJKjx7VXQZ\r\nContent-Disposition: form-data; name=\"subcategoryId\"\r\n\r\n12\r\n------WebKitFormBoundaryNb69sNQJKjx7VXQZ\r\nContent-Disposition: form-data; name=\"productId\"\r\n\r\n22\r\n------WebKitFormBoundaryNb69sNQJKjx7VXQZ\r\nContent-Disposition: form-data; name=\"subproductId\"\r\n\r\n31\r\n------WebKitFormBoundaryNb69sNQJKjx7VXQZ\r\nContent-Disposition: form-data; name=\"index\"\r\n\r\n2\r\n------WebKitFormBoundaryNb69sNQJKjx7VXQZ--\r\n","type":"entity.parse.failed"},"timestamp":"2019-04-08T11:08:20.222Z"}
{"level":"debug","message":{"expose":true,"statusCode":400,"status":400,"body":"------WebKitFormBoundary7ocCulqO6ThHF7KT\r\nContent-Disposition: form-data; name=\"categoryId\"\r\n\r\n1\r\n------WebKitFormBoundary7ocCulqO6ThHF7KT\r\nContent-Disposition: form-data; name=\"subcategoryId\"\r\n\r\n12\r\n------WebKitFormBoundary7ocCulqO6ThHF7KT\r\nContent-Disposition: form-data; name=\"productId\"\r\n\r\n22\r\n------WebKitFormBoundary7ocCulqO6ThHF7KT\r\nContent-Disposition: form-data; name=\"subproductId\"\r\n\r\n31\r\n------WebKitFormBoundary7ocCulqO6ThHF7KT\r\nContent-Disposition: form-data; name=\"index\"\r\n\r\n2\r\n------WebKitFormBoundary7ocCulqO6ThHF7KT--\r\n","type":"entity.parse.failed"},"timestamp":"2019-04-08T11:22:07.887Z"}
{"level":"debug","message":{},"timestamp":"2019-04-15T14:55:06.285Z"}
{"level":"debug","message":{},"timestamp":"2019-04-15T14:55:21.681Z"}
{"level":"debug","message":{},"timestamp":"2019-04-15T14:57:48.271Z"}
{"level":"debug","message":{},"timestamp":"2019-04-15T14:59:01.882Z"}
{"level":"debug","message":{},"timestamp":"2019-04-15T14:59:55.562Z"}
{"level":"debug","message":{},"timestamp":"2019-04-15T15:01:03.221Z"}
{"level":"debug","message":{},"timestamp":"2019-04-15T15:01:22.506Z"}
{"level":"debug","message":{},"timestamp":"2019-04-15T15:07:11.813Z"}
{"level":"debug","message":{},"timestamp":"2019-04-15T15:09:55.595Z"}
{"level":"debug","message":{},"timestamp":"2019-04-15T15:10:29.782Z"}
{"level":"debug","message":{},"timestamp":"2019-04-15T15:10:51.173Z"}
{"level":"debug","message":{},"timestamp":"2019-04-15T15:12:20.847Z"}
{"level":"debug","message":{},"timestamp":"2019-04-15T15:13:05.506Z"}
{"level":"debug","message":{},"timestamp":"2019-04-15T15:15:43.140Z"}
{"level":"debug","message":{},"timestamp":"2019-04-15T15:16:40.728Z"}
{"level":"debug","message":{},"timestamp":"2019-04-15T15:18:20.626Z"}
{"level":"debug","message":{},"timestamp":"2019-04-15T15:19:13.465Z"}
{"level":"debug","message":{},"timestamp":"2019-04-15T15:19:44.927Z"}
{"level":"debug","message":{},"timestamp":"2019-04-15T15:20:15.082Z"}
{"level":"debug","message":{},"timestamp":"2019-04-15T15:21:37.535Z"}
{"level":"debug","message":{},"timestamp":"2019-04-15T15:22:37.969Z"}
{"level":"debug","message":{},"timestamp":"2019-04-15T15:24:27.549Z"}
{"level":"debug","message":{},"timestamp":"2019-04-15T15:24:54.389Z"}
{"level":"debug","message":{},"timestamp":"2019-04-15T15:27:06.945Z"}
{"level":"debug","message":{},"timestamp":"2019-04-16T11:08:34.163Z"}
{"level":"debug","message":{},"timestamp":"2019-04-16T11:09:39.866Z"}
{"level":"debug","message":{},"timestamp":"2019-04-16T11:10:08.409Z"}
{"level":"debug","message":{},"timestamp":"2019-04-20T07:45:11.477Z"}
{"level":"debug","message":{},"timestamp":"2019-04-20T07:51:06.222Z"}
{"level":"debug","message":{},"timestamp":"2019-04-21T10:39:29.129Z"}
{"level":"debug","message":{},"timestamp":"2019-04-21T10:39:42.761Z"}
{"level":"debug","message":{},"timestamp":"2019-04-21T10:40:04.951Z"}
{"level":"debug","message":{},"timestamp":"2019-04-21T10:40:05.708Z"}
{"level":"debug","message":{},"timestamp":"2019-04-21T10:42:19.197Z"}
{"level":"debug","message":{"errno":-2,"code":"ENOENT","syscall":"open","path":"/uploads/categories","storageErrors":[]},"timestamp":"2019-05-23T07:26:01.032Z"}
{"level":"debug","message":{"errno":-2,"code":"ENOENT","syscall":"open","path":"/uploads/categories","storageErrors":[]},"timestamp":"2019-05-23T07:27:53.938Z"}
{"level":"debug","message":{"errno":-2,"code":"ENOENT","syscall":"open","path":"/uploads/categories","storageErrors":[]},"timestamp":"2019-05-23T07:28:31.609Z"}
{"level":"debug","message":{"errno":-2,"code":"ENOENT","syscall":"open","path":"/uploads/categories","storageErrors":[]},"timestamp":"2019-05-23T07:32:27.954Z"}
{"level":"debug","message":{"errno":-2,"code":"ENOENT","syscall":"open","path":"/uploads/categories","storageErrors":[]},"timestamp":"2019-05-23T07:33:08.555Z"}
{"level":"debug","message":{"errno":-2,"code":"ENOENT","syscall":"open","path":"/uploads/categories","storageErrors":[]},"timestamp":"2019-05-23T07:34:02.816Z"}
{"level":"debug","message":{"errno":-2,"code":"ENOENT","syscall":"open","path":"/uploads/categories","storageErrors":[]},"timestamp":"2019-05-23T07:38:18.359Z"}
